2018-02-09 11:37:38.6758 | INFO | Взяты все бронирования из базы данных.
2018-02-09 11:39:24.9469 | INFO | Получен пользователь с id = eded4fa7-2d9a-45b3-84b0-f059dadd1bb0.
2018-02-09 11:39:29.8662 | INFO | Взяты все бронирования из базы данных.
2018-02-09 11:48:11.4621 | INFO | Взяты все бронирования из базы данных.
2018-02-09 11:48:41.1038 | INFO | Взяты все бронирования из базы данных.
2018-02-09 11:50:12.2260 | INFO | Взяты все бронирования из базы данных.
2018-02-09 11:52:33.6990 | INFO | Взяты все бронирования из базы данных.
2018-02-09 11:52:41.0685 | INFO | Взяты все бронирования из базы данных.
2018-02-09 11:52:44.4426 | INFO | Получен пользователь с id = eded4fa7-2d9a-45b3-84b0-f059dadd1bb0.
2018-02-09 11:52:47.3938 | INFO | Взяты все бронирования из базы данных.
2018-02-09 11:52:55.8473 | INFO | Пользователь admin@gmail.com  авторизован в системе.
2018-02-09 11:52:55.8783 | INFO | Взяты все бронирования из базы данных.
2018-02-09 11:53:00.3616 | INFO | Взяты все бронирования из базы данных.
2018-02-09 11:53:01.7506 | INFO | Взято бронирование №1 из базы данных.
2018-02-09 11:53:01.7796 | INFO | Получен пользователь с id = eded4fa7-2d9a-45b3-84b0-f059dadd1bb0.
2018-02-09 11:53:03.6237 | INFO | Взято бронирование №1 из базы данных.
2018-02-09 11:53:03.8218 | INFO | В базу данных добавлено сообщение об отмене бронирования №1 на имя manager@gmail.com.
2018-02-09 11:53:03.8708 | INFO | Бронирование №1 было удалено из базы данных.
2018-02-09 11:53:03.9078 | INFO | Пользователь с id = eded4fa7-2d9a-45b3-84b0-f059dadd1bb0 обновлен в базе данных. 
2018-02-09 11:53:03.9308 | INFO | Взяты все бронирования из базы данных.
2018-02-09 11:53:05.6339 | INFO | Взяты все бронирования из базы данных.
2018-02-09 11:53:07.7650 | INFO | Пользователь manager@gmail.com  авторизован в системе.
2018-02-09 11:53:07.7860 | INFO | Взяты все бронирования из базы данных.
2018-02-09 11:53:09.5871 | INFO | Взяты все бронирования из базы данных.
2018-02-09 11:53:11.2592 | INFO | Взяты все заявки на бронирование из базы данных.
2018-02-09 11:53:13.4043 | INFO | Взяты все бронирования из базы данных.
2018-02-09 11:53:52.9692 | INFO | Взяты все бронирования из базы данных.
2018-02-09 11:54:00.5536 | INFO | Получен пользователь с id = eded4fa7-2d9a-45b3-84b0-f059dadd1bb0.
2018-02-09 11:54:03.8628 | INFO | Взяты все бронирования из базы данных.
2018-02-09 12:08:11.1343 | INFO | Взяты все комнаты из базы данных.
2018-02-09 12:08:33.9976 | INFO | Новый пользователь с id = 18f2e728-eec3-4797-8e07-85a07c2e2d2e и почтой user@gmail.com добавлен в базу данных. 
2018-02-09 12:08:42.5071 | INFO | Пользователь user@gmail.com авторизован в системе.
2018-02-09 12:08:42.5621 | INFO | Взяты все бронирования из базы данных.
2018-02-09 12:08:56.2499 | INFO | Взяты все комнаты из базы данных.
2018-02-09 12:09:39.8704 | INFO | Взята комната №3 из базы данных.
2018-02-09 12:11:06.6644 | INFO | Взяты все бронирования из базы данных.
2018-02-09 12:11:06.7424 | INFO | На пользователя user@gmail.com в базу данных было занесено новое бронирование №2.
2018-02-09 12:13:12.4272 | INFO | Получен пользователь с id = 18f2e728-eec3-4797-8e07-85a07c2e2d2e.
2018-02-09 12:15:13.4282 | INFO | Взяты все бронирования из базы данных.
2018-02-09 12:17:27.4888 | INFO | Взято бронирование №2 из базы данных.
2018-02-09 12:17:27.5788 | INFO | Получен пользователь с id = 18f2e728-eec3-4797-8e07-85a07c2e2d2e.
2018-02-09 12:18:28.8773 | INFO | Получен пользователь с id = 18f2e728-eec3-4797-8e07-85a07c2e2d2e.
2018-02-09 12:19:27.9047 | INFO | Получен пользователь с id = 18f2e728-eec3-4797-8e07-85a07c2e2d2e.
2018-02-09 12:19:31.6719 | INFO | Взяты все бронирования из базы данных.
2018-02-09 12:19:33.0200 | INFO | Получен пользователь с id = 18f2e728-eec3-4797-8e07-85a07c2e2d2e.
2018-02-09 12:19:40.0794 | INFO | Получен пользователь с id = 18f2e728-eec3-4797-8e07-85a07c2e2d2e.
2018-02-09 12:19:47.0158 | INFO | Пользователь с id = 18f2e728-eec3-4797-8e07-85a07c2e2d2e обновлен в базе данных. 
2018-02-09 12:19:47.0688 | INFO | Получен пользователь с id = 18f2e728-eec3-4797-8e07-85a07c2e2d2e.
2018-02-09 12:20:02.2447 | INFO | Взяты все бронирования из базы данных.
2018-02-09 12:20:07.3250 | INFO | Взято бронирование №2 из базы данных.
2018-02-09 12:20:07.4420 | INFO | Получен пользователь с id = 18f2e728-eec3-4797-8e07-85a07c2e2d2e.
2018-02-09 12:20:34.3665 | INFO | Бронирование №2 было обновлено в базе данных.
2018-02-09 12:20:34.4145 | INFO | Пользователь с id = 18f2e728-eec3-4797-8e07-85a07c2e2d2e обновлен в базе данных. 
2018-02-09 12:20:41.7509 | INFO | Получен пользователь с id = 18f2e728-eec3-4797-8e07-85a07c2e2d2e.
2018-02-09 12:20:43.6461 | INFO | Взяты все бронирования из базы данных.
2018-02-09 12:24:19.4984 | INFO | Взяты все бронирования из базы данных.
2018-02-09 12:24:58.6876 | INFO | Новый пользователь с id = 61d39709-e444-4e68-9e93-55b73e299730 и почтой user2@gmail.com добавлен в базу данных. 
2018-02-09 12:25:05.7371 | INFO | Пользователь user2@gmail.com  авторизован в системе.
2018-02-09 12:25:05.7601 | INFO | Взяты все бронирования из базы данных.
2018-02-09 12:28:34.0290 | INFO | Заявка №1 на бронирование номера оформлена и сохранена в базу данных.
2018-02-09 12:29:14.1843 | INFO | Взяты все бронирования из базы данных.
2018-02-09 12:29:19.6496 | INFO | Пользователь manager@gmail.com  авторизован в системе.
2018-02-09 12:29:19.6716 | INFO | Взяты все бронирования из базы данных.
2018-02-09 12:30:22.8892 | INFO | Взяты все заявки на бронирование из базы данных.
2018-02-09 12:35:38.2622 | INFO | Взяты все бронирования из базы данных.
2018-02-09 12:35:49.3439 | INFO | Взяты все заявки на бронирование из базы данных.
2018-02-09 12:36:28.6381 | INFO | Взяты все комнаты из базы данных.
2018-02-09 12:36:49.0433 | INFO | Взяты все заявки на бронирование из базы данных.
2018-02-09 12:37:00.7819 | INFO | Взята комната №1 из базы данных.
2018-02-09 12:37:00.8240 | INFO | Из базы данных была взята заявка на бронирование №1.
2018-02-09 12:37:08.5744 | INFO | Взяты все бронирования из базы данных.
2018-02-09 12:37:08.7004 | INFO | На пользователя user2@gmail.com в базу данных было занесено новое бронирование №3.
2018-02-09 12:38:05.8467 | INFO | Взяты все бронирования из базы данных.
2018-02-09 12:38:35.6854 | INFO | Пользователь user2@gmail.com  авторизован в системе.
2018-02-09 12:38:35.7104 | INFO | Взяты все бронирования из базы данных.
2018-02-09 12:38:50.4182 | INFO | Получен пользователь с id = 61d39709-e444-4e68-9e93-55b73e299730.
2018-02-09 12:38:53.1714 | INFO | Взяты все сообщения из базы данных.
2018-02-09 12:40:13.3710 | INFO | Взяты все бронирования из базы данных.
2018-02-09 12:45:07.4939 | INFO | Взято бронирование №3 из базы данных.
2018-02-09 12:45:07.5609 | INFO | Получен пользователь с id = 61d39709-e444-4e68-9e93-55b73e299730.
2018-02-09 12:45:09.1960 | INFO | Получен пользователь с id = 61d39709-e444-4e68-9e93-55b73e299730.
2018-02-09 12:45:10.2810 | INFO | Получен пользователь с id = 61d39709-e444-4e68-9e93-55b73e299730.
2018-02-09 12:45:19.5106 | INFO | Пользователь с id = 61d39709-e444-4e68-9e93-55b73e299730 обновлен в базе данных. 
2018-02-09 12:45:19.5516 | INFO | Получен пользователь с id = 61d39709-e444-4e68-9e93-55b73e299730.
2018-02-09 12:45:22.5987 | INFO | Взяты все бронирования из базы данных.
2018-02-09 12:45:23.8758 | INFO | Взято бронирование №3 из базы данных.
2018-02-09 12:45:23.9048 | INFO | Получен пользователь с id = 61d39709-e444-4e68-9e93-55b73e299730.
2018-02-09 12:45:25.1059 | INFO | Бронирование №3 было обновлено в базе данных.
2018-02-09 12:45:25.1499 | INFO | Пользователь с id = 61d39709-e444-4e68-9e93-55b73e299730 обновлен в базе данных. 
2018-02-09 12:45:26.5760 | INFO | Получен пользователь с id = 61d39709-e444-4e68-9e93-55b73e299730.
2018-02-09 12:45:27.6190 | INFO | Взяты все бронирования из базы данных.
2018-02-09 12:46:45.9837 | INFO | Взяты все бронирования из базы данных.
2018-02-09 12:46:59.4664 | INFO | Пользователь user@gmail.com авторизован в системе.
2018-02-09 12:46:59.5054 | INFO | Взяты все бронирования из базы данных.
2018-02-09 12:47:05.5328 | INFO | Получен пользователь с id = 18f2e728-eec3-4797-8e07-85a07c2e2d2e.
2018-02-09 12:47:06.8789 | INFO | Взяты все бронирования из базы данных.
2018-02-09 12:47:08.5300 | INFO | Взяты все комнаты из базы данных.
2018-02-09 12:48:17.2749 | INFO | Взята комната №1 из базы данных.
2018-02-09 12:48:23.4473 | INFO | Взяты все бронирования из базы данных.
2018-02-09 12:48:53.3830 | INFO | Взяты все бронирования из базы данных.
2018-02-09 12:48:53.4410 | INFO | На пользователя user@gmail.com в базу данных было занесено новое бронирование №4.
2018-02-09 12:48:55.3941 | INFO | Получен пользователь с id = 18f2e728-eec3-4797-8e07-85a07c2e2d2e.
2018-02-09 12:48:56.6261 | INFO | Взяты все бронирования из базы данных.
2018-02-09 12:53:37.2212 | INFO | Заявка №2 на бронирование номера оформлена и сохранена в базу данных.
2018-02-09 12:53:39.6193 | INFO | Взяты все бронирования из базы данных.
2018-02-09 12:53:42.1695 | INFO | Пользователь manager@gmail.com  авторизован в системе.
2018-02-09 12:53:42.1975 | INFO | Взяты все бронирования из базы данных.
2018-02-09 12:53:44.4716 | INFO | Взяты все заявки на бронирование из базы данных.
2018-02-09 12:53:46.7607 | INFO | Взяты все комнаты из базы данных.
2018-02-09 12:53:49.2519 | INFO | Взяты все бронирования из базы данных.
2018-02-09 12:54:16.1454 | INFO | Взята комната №1 из базы данных.
2018-02-09 12:54:16.1784 | INFO | Из базы данных была взята заявка на бронирование №2.
2018-02-09 12:54:18.6606 | INFO | Взяты все бронирования из базы данных.
2018-02-09 12:54:22.9678 | INFO | Взяты все бронирования из базы данных.
2018-02-09 12:54:48.6323 | INFO | На пользователя user@gmail.com в базу данных было занесеносообщение с отказом на бронирование.
2018-02-09 12:54:52.4225 | INFO | Взяты все заявки на бронирование из базы данных.
2018-02-09 12:54:53.2205 | INFO | Взяты все бронирования из базы данных.
2018-02-09 12:54:59.5199 | INFO | Пользователь user@gmail.com  авторизован в системе.
2018-02-09 12:54:59.5489 | INFO | Взяты все бронирования из базы данных.
2018-02-09 12:55:00.9590 | INFO | Получен пользователь с id = 18f2e728-eec3-4797-8e07-85a07c2e2d2e.
2018-02-09 12:55:01.8540 | INFO | Взяты все сообщения из базы данных.
2018-02-09 12:56:46.7860 | INFO | Взяты все бронирования из базы данных.
2018-02-09 12:57:53.4019 | INFO | Взяты все бронирования из базы данных.
2018-02-09 12:58:01.1083 | INFO | Пользователь admin@gmail.com  авторизован в системе.
2018-02-09 12:58:01.1613 | INFO | Взяты все бронирования из базы данных.
2018-02-09 12:58:32.4751 | INFO | Взяты все бронирования из базы данных.
2018-02-09 12:59:32.9046 | INFO | Взято бронирование №2 из базы данных.
2018-02-09 12:59:32.9576 | INFO | Получен пользователь с id = 18f2e728-eec3-4797-8e07-85a07c2e2d2e.
2018-02-09 13:00:03.8513 | INFO | Взято бронирование №4 из базы данных.
2018-02-09 13:00:05.1534 | INFO | Взято бронирование №4 из базы данных.
2018-02-09 13:00:05.1864 | INFO | В базу данных добавлено сообщение об отмене бронирования №4 на имя user@gmail.com.
2018-02-09 13:00:05.2424 | INFO | Бронирование №4 было удалено из базы данных.
2018-02-09 13:00:05.2624 | INFO | Взяты все бронирования из базы данных.
2018-02-09 13:00:11.9258 | INFO | Взято бронирование №2 из базы данных.
2018-02-09 13:00:11.9608 | INFO | Получен пользователь с id = 18f2e728-eec3-4797-8e07-85a07c2e2d2e.
2018-02-09 13:00:38.3013 | INFO | Взято бронирование №2 из базы данных.
2018-02-09 13:00:38.3403 | INFO | В базу данных добавлено сообщение об отмене бронирования №2 на имя user@gmail.com.
2018-02-09 13:00:38.3503 | INFO | Бронирование №2 было удалено из базы данных.
2018-02-09 13:00:38.3693 | INFO | Пользователь с id = 18f2e728-eec3-4797-8e07-85a07c2e2d2e обновлен в базе данных. 
2018-02-09 13:00:38.3903 | INFO | Взяты все бронирования из базы данных.
2018-02-09 13:00:40.9324 | INFO | Взяты все бронирования из базы данных.
2018-02-09 13:00:44.7697 | INFO | Пользователь user@gmail.com авторизован в системе.
2018-02-09 13:00:44.7927 | INFO | Взяты все бронирования из базы данных.
2018-02-09 13:00:46.3648 | INFO | Получен пользователь с id = 18f2e728-eec3-4797-8e07-85a07c2e2d2e.
2018-02-09 13:00:47.3588 | INFO | Взяты все бронирования из базы данных.
2018-02-09 13:00:58.9435 | INFO | Взяты все сообщения из базы данных.
2018-02-09 13:02:05.5503 | INFO | Получен пользователь с id = 18f2e728-eec3-4797-8e07-85a07c2e2d2e.
2018-02-09 13:02:29.1216 | INFO | Взяты все заявки на бронирование из базы данных.
2018-02-09 13:02:31.4988 | INFO | Взяты все бронирования из базы данных.
2018-02-09 13:02:32.9259 | INFO | Взяты все сообщения из базы данных.
2018-02-09 13:02:34.4179 | INFO | Получен пользователь с id = 18f2e728-eec3-4797-8e07-85a07c2e2d2e.
2018-02-09 13:02:35.4970 | INFO | Взяты все бронирования из базы данных.
2018-02-09 13:02:40.6233 | INFO | Взяты все комнаты из базы данных.
2018-02-09 13:03:13.9582 | INFO | Взяты все комнаты из базы данных.
2018-02-09 13:03:32.4163 | INFO | Взяты все отзывы из базы данных.
2018-02-09 13:04:19.7120 | INFO | Отзыв №0 помещен в базу данных.
2018-02-09 13:04:19.7310 | INFO | Взяты все отзывы из базы данных.
2018-02-09 13:04:46.9375 | INFO | Получен пользователь с id = 18f2e728-eec3-4797-8e07-85a07c2e2d2e.
2018-02-09 13:04:54.8400 | INFO | Взяты все отзывы из базы данных.
2018-02-09 13:05:04.0105 | INFO | Получен пользователь с id = 18f2e728-eec3-4797-8e07-85a07c2e2d2e.
2018-02-09 13:07:31.6039 | INFO | Взяты все бронирования из базы данных.
2018-02-09 13:46:39.4033 | INFO | Взяты все бронирования из базы данных.
2018-02-09 13:47:24.0969 | INFO | Взяты все бронирования из базы данных.
2018-02-09 13:47:29.4112 | INFO | Пользователь manager@gmail.com  авторизован в системе.
2018-02-09 13:47:29.4682 | INFO | Взяты все бронирования из базы данных.
2018-02-09 13:47:36.9486 | INFO | Взяты все отзывы из базы данных.
2018-02-09 13:47:38.5897 | INFO | Взяты все комнаты из базы данных.
2018-02-09 13:47:44.3640 | INFO | Взяты все отзывы из базы данных.
2018-02-09 13:47:48.8553 | INFO | Взяты все отзывы из базы данных.
2018-02-09 13:47:55.6817 | INFO | Взяты все бронирования из базы данных.
2018-02-09 13:47:57.6278 | INFO | Взяты все заявки на бронирование из базы данных.
2018-02-09 13:48:00.5150 | INFO | Взяты все комнаты из базы данных.
2018-02-09 13:48:02.8811 | INFO | Взята комната №1 из базы данных.
2018-02-09 13:48:23.7033 | INFO | Взята комната №1 из базы данных.
2018-02-09 13:48:27.1165 | INFO | Взяты все бронирования из базы данных.
2018-02-09 13:48:31.2197 | INFO | Получен пользователь с id = eded4fa7-2d9a-45b3-84b0-f059dadd1bb0.
2018-02-09 13:49:06.0357 | INFO | Взяты все бронирования из базы данных.
2018-02-12 17:12:16.9449 | INFO | Взяты все отзывы из базы данных.
2018-02-12 17:16:01.3968 | INFO | Пользователь user@gmail.com авторизован в системе.
2018-02-12 17:16:01.6608 | INFO | Взяты все бронирования из базы данных.
2018-02-12 17:16:04.7330 | INFO | Взяты все отзывы из базы данных.
2018-02-12 17:17:03.0143 | INFO | Взяты все отзывы из базы данных.
2018-02-12 17:28:25.7197 | INFO | Взяты все отзывы из базы данных.
2018-02-12 17:28:35.7273 | INFO | Взяты все отзывы из базы данных.
2018-02-12 17:28:44.5548 | INFO | Взяты все отзывы из базы данных.
2018-02-12 17:29:27.9332 | INFO | Взяты все отзывы из базы данных.
2018-02-12 17:29:54.2447 | INFO | Взяты все отзывы из базы данных.
2018-02-12 17:30:22.8197 | INFO | Взяты все отзывы из базы данных.
2018-02-12 17:30:39.1144 | INFO | Взяты все отзывы из базы данных.
2018-02-12 17:35:25.6655 | INFO | Взяты все отзывы из базы данных.
2018-02-12 17:35:49.7392 | INFO | Взяты все отзывы из базы данных.
2018-02-12 17:36:15.0969 | INFO | Взяты все отзывы из базы данных.
2018-02-12 17:40:08.4554 | INFO | Взяты все отзывы из базы данных.
2018-02-12 17:45:14.2797 | INFO | Взяты все отзывы из базы данных.
2018-02-12 17:51:11.1490 | INFO | Взяты все отзывы из базы данных.
2018-02-12 17:52:23.9799 | INFO | Получен пользователь с id = 18f2e728-eec3-4797-8e07-85a07c2e2d2e.
2018-02-12 17:52:24.1384 | INFO | Взяты все бронирования из базы данных.
2018-02-12 17:52:44.9141 | INFO | Новый пользователь с id = 7d0eba31-6bdd-4a47-a0dc-dfbf662b35b4 и почтой admin@gmail.com добавлен в базу данных. 
2018-02-12 17:52:45.0716 | INFO | Новый пользователь с id = 8029bc4e-203e-475e-97c2-26b010ee03b4 и почтой manager@gmail.com добавлен в базу данных. 
2018-02-12 17:52:45.1246 | INFO | Пользователь manager@gmail.com  авторизован в системе.
2018-02-12 17:52:45.1711 | INFO | Взяты все бронирования из базы данных.
2018-02-12 17:52:50.0273 | INFO | Взяты все бронирования из базы данных.
2018-02-12 17:53:11.6520 | INFO | Новый пользователь с id = 7cc0a6df-613a-4626-b6c2-66955928eb2b и почтой vitaliy.s.bondarenko@gmail.com добавлен в базу данных. 
2018-02-12 17:53:42.8014 | INFO | Пользователь vitaliy.s.bondarenko@gmail.com авторизован в системе.
2018-02-12 17:53:42.8765 | INFO | Взяты все бронирования из базы данных.
2018-02-12 17:53:48.3602 | INFO | Взяты все отзывы из базы данных.
2018-02-12 17:53:59.2608 | INFO | Отзыв №0 помещен в базу данных.
2018-02-12 17:53:59.2918 | INFO | Взяты все отзывы из базы данных.
2018-02-12 17:55:21.4442 | INFO | Взяты все отзывы из базы данных.
2018-02-12 17:55:35.5361 | INFO | Взяты все отзывы из базы данных.
2018-02-12 17:55:46.8507 | INFO | Взяты все отзывы из базы данных.
2018-02-12 17:55:52.4880 | INFO | Отзыв №5 удален из базы данных.
2018-02-12 17:55:52.5090 | INFO | Взяты все отзывы из базы данных.
2018-02-12 17:56:05.2028 | INFO | Отзыв №0 помещен в базу данных.
2018-02-12 17:56:05.2228 | INFO | Взяты все отзывы из базы данных.
2018-02-12 17:56:11.2161 | INFO | Взяты все бронирования из базы данных.
2018-02-12 17:56:28.7731 | INFO | Новый пользователь с id = 9f5939cd-ac9d-47f5-854d-fda3c1a3a386 и почтой user@gmail.com добавлен в базу данных. 
2018-02-12 17:56:35.3765 | INFO | Пользователь user@gmail.com авторизован в системе.
2018-02-12 17:56:35.3985 | INFO | Взяты все бронирования из базы данных.
2018-02-12 17:56:38.3947 | INFO | Взяты все отзывы из базы данных.
2018-02-12 17:56:48.8543 | INFO | Отзыв №0 помещен в базу данных.
2018-02-12 17:56:48.8733 | INFO | Взяты все отзывы из базы данных.
2018-02-12 17:56:58.3208 | INFO | Получен пользователь с id = 9f5939cd-ac9d-47f5-854d-fda3c1a3a386.
2018-02-12 17:56:59.4939 | INFO | Взяты все бронирования из базы данных.
2018-02-12 17:57:02.2640 | INFO | Пользователь vitaliy.s.bondarenko@gmail.com авторизован в системе.
2018-02-12 17:57:02.2870 | INFO | Взяты все бронирования из базы данных.
2018-02-12 17:57:03.2331 | INFO | Взяты все отзывы из базы данных.
2018-02-12 17:57:08.2504 | INFO | Отзыв №6 удален из базы данных.
2018-02-12 17:57:08.2714 | INFO | Взяты все отзывы из базы данных.
2018-02-12 17:57:09.6745 | INFO | Взяты все бронирования из базы данных.
2018-02-12 17:57:15.6088 | INFO | Пользователь user@gmail.com авторизован в системе.
2018-02-12 17:57:15.6328 | INFO | Взяты все бронирования из базы данных.
2018-02-12 17:57:16.5249 | INFO | Взяты все отзывы из базы данных.
2018-02-12 17:57:21.7181 | INFO | Отзыв №7 удален из базы данных.
2018-02-12 17:57:21.7391 | INFO | Взяты все отзывы из базы данных.
2018-02-13 00:05:59.7367 | INFO | Взяты все бронирования из базы данных.
2018-02-13 00:06:18.0158 | INFO | Получен пользователь с id = 9f5939cd-ac9d-47f5-854d-fda3c1a3a386.
2018-02-13 00:06:18.8948 | INFO | Взяты все бронирования из базы данных.
2018-02-13 00:06:40.6980 | INFO | Новый пользователь с id = 35255fb3-a0ec-459c-8b08-acc89d60c328 и почтой admin@gmail.com добавлен в базу данных. 
2018-02-13 00:06:40.9601 | INFO | Новый пользователь с id = 808616be-01dc-4b84-8586-130b43c8b2c5 и почтой manager@gmail.com добавлен в базу данных. 
2018-02-13 00:06:41.1661 | INFO | Новый пользователь с id = 4a3ec2f9-8772-43fd-bc6b-f12fa1f4b574 и почтой vitaliy.s.bondarenko@gmail.com добавлен в базу данных. 
2018-02-13 00:06:43.8302 | INFO | Пользователь vitaliy.s.bondarenko@gmail.com авторизован в системе.
2018-02-13 00:06:44.0532 | INFO | Взяты все бронирования из базы данных.
2018-02-13 00:06:46.5974 | INFO | Взяты все отзывы из базы данных.
2018-02-13 00:07:05.5525 | INFO | Отзыв №0 помещен в базу данных.
2018-02-13 00:07:05.6225 | INFO | Взяты все отзывы из базы данных.
2018-02-13 00:07:10.9678 | INFO | Отзыв №5 удален из базы данных.
2018-02-13 00:07:11.1088 | INFO | Взяты все отзывы из базы данных.
2018-02-13 00:07:15.0340 | INFO | Взяты все бронирования из базы данных.
2018-02-13 00:07:21.3944 | INFO | Пользователь admin@gmail.com авторизован в системе.
2018-02-13 00:07:21.6054 | INFO | Взяты все бронирования из базы данных.
2018-02-13 00:07:22.7555 | INFO | Взяты все отзывы из базы данных.
2018-02-13 00:07:27.7277 | INFO | Отзыв №1 удален из базы данных.
2018-02-13 00:07:27.7457 | INFO | Взяты все отзывы из базы данных.
2018-02-13 00:07:30.8969 | INFO | Взяты все бронирования из базы данных.
2018-02-13 00:07:33.1431 | INFO | Взяты все бронирования из базы данных.
2018-02-13 00:07:35.0542 | INFO | Пользователь vitaliy.s.bondarenko@gmail.com авторизован в системе.
2018-02-13 00:07:35.0902 | INFO | Взяты все бронирования из базы данных.
2018-02-13 00:07:36.0112 | INFO | Взяты все комнаты из базы данных.
2018-02-13 00:07:41.4735 | INFO | Взята комната №1 из базы данных.
2018-02-13 00:07:50.4900 | INFO | Взяты все комнаты из базы данных.
2018-02-13 00:07:58.2925 | INFO | Взята комната №5 из базы данных.
2018-02-13 00:08:21.0658 | INFO | Взяты все отзывы из базы данных.
2018-02-13 00:08:22.0919 | INFO | Взяты все бронирования из базы данных.
2018-02-13 00:08:31.7424 | INFO | Взяты все комнаты из базы данных.
2018-02-13 00:08:34.7336 | INFO | Взята комната №1 из базы данных.
2018-02-13 11:17:42.1199 | INFO | Взяты все бронирования из базы данных.
2018-02-13 11:17:53.4675 | INFO | Получен пользователь с id = 4a3ec2f9-8772-43fd-bc6b-f12fa1f4b574.
2018-02-13 11:17:57.2667 | INFO | Взяты все бронирования из базы данных.
2018-02-13 11:17:59.4698 | INFO | Получен пользователь с id = 4a3ec2f9-8772-43fd-bc6b-f12fa1f4b574.
2018-02-13 11:18:01.2819 | INFO | Взяты все бронирования из базы данных.
2018-02-13 11:18:08.3844 | INFO | Взяты все бронирования из базы данных.
2018-02-13 11:18:27.8245 | INFO | Новый пользователь с id = 6cf8bd1d-dfa4-4155-ba9e-255edae98f82 и почтой a добавлен в базу данных. 
2018-02-13 11:20:11.4961 | INFO | Взяты все бронирования из базы данных.
2018-02-13 11:22:24.6877 | INFO | Новый пользователь с id = c0764a4b-b3a2-4a56-9efd-7bd20e2a6daa и почтой asdaf@mail.ru добавлен в базу данных. 
2018-02-13 11:22:36.1753 | INFO | Пользователь asdaf@mail.r авторизован в системе.
2018-02-13 11:22:41.4386 | INFO | Пользователь asdaf@mail.ru авторизован в системе.
2018-02-13 11:22:41.6867 | INFO | Взяты все бронирования из базы данных.
2018-02-13 11:22:56.1315 | INFO | Взяты все бронирования из базы данных.
2018-02-13 11:23:01.2608 | INFO | Пользователь manager@gmail.com  авторизован в системе.
2018-02-13 11:23:01.3748 | INFO | Взяты все бронирования из базы данных.
2018-02-13 11:23:05.6390 | INFO | Взяты все комнаты из базы данных.
2018-02-13 11:23:22.0030 | INFO | Взяты все бронирования из базы данных.
2018-02-13 11:24:18.7442 | INFO | Взяты все бронирования из базы данных.
2018-02-13 11:24:22.5864 | INFO | Взяты все бронирования из базы данных.
2018-02-13 11:24:23.8075 | INFO | Взяты все заявки на бронирование из базы данных.
2018-02-13 11:24:25.4296 | INFO | Взяты все комнаты из базы данных.
2018-02-13 11:27:44.8818 | INFO | Взяты все бронирования из базы данных.
2018-02-13 11:28:18.6137 | INFO | Взяты все бронирования из базы данных.
2018-02-13 11:30:23.0546 | INFO | Новый пользователь с id = d1568b42-b556-4e6f-8d63-98c581c9100e и почтой abc@gmail.com добавлен в базу данных. 
2018-02-13 11:30:38.6955 | INFO | Пользователь abc@gmail.com авторизован в системе.
2018-02-13 11:30:38.7255 | INFO | Взяты все бронирования из базы данных.
2018-02-13 11:30:47.3130 | INFO | Взяты все бронирования из базы данных.
2018-02-13 12:13:52.3996 | INFO | Взяты все бронирования из базы данных.
2018-02-13 12:15:18.9575 | INFO | Новый пользователь с id = 11fa3434-53fd-4ed8-ae6b-82d3d32a3e06 и почтой admin@gmail.com добавлен в базу данных. 
2018-02-13 12:15:19.0765 | INFO | Новый пользователь с id = 2f552652-85bb-4418-91d4-084b7e1a99f5 и почтой manager@gmail.com добавлен в базу данных. 
2018-02-13 12:16:11.6416 | INFO | Новый пользователь с id = db80e66f-cd88-4a2f-a29b-92259ea3ee40 и почтой user@gmail.com добавлен в базу данных. 
2018-02-13 12:16:21.7051 | INFO | Пользователь user@gmail.com авторизован в системе.
2018-02-13 12:16:21.7901 | INFO | Взяты все бронирования из базы данных.
2018-02-13 12:17:09.4835 | INFO | Взяты все комнаты из базы данных.
2018-02-13 12:17:39.8202 | INFO | Взята комната №14 из базы данных.
2018-02-13 12:18:22.8497 | INFO | Взяты все бронирования из базы данных.
2018-02-13 12:18:22.9107 | INFO | На пользователя user@gmail.com в базу данных было занесено новое бронирование №1.
2018-02-13 12:18:45.1480 | INFO | Получен пользователь с id = db80e66f-cd88-4a2f-a29b-92259ea3ee40.
2018-02-13 12:18:52.5954 | INFO | Взяты все бронирования из базы данных.
2018-02-13 12:19:15.4587 | INFO | Взято бронирование №1 из базы данных.
2018-02-13 12:19:15.4897 | INFO | Получен пользователь с id = db80e66f-cd88-4a2f-a29b-92259ea3ee40.
2018-02-13 12:19:20.5430 | INFO | Взято бронирование №1 из базы данных.
2018-02-13 12:19:20.5930 | INFO | Получен пользователь с id = db80e66f-cd88-4a2f-a29b-92259ea3ee40.
2018-02-13 12:19:50.1407 | INFO | Получен пользователь с id = db80e66f-cd88-4a2f-a29b-92259ea3ee40.
2018-02-13 12:19:53.8659 | INFO | Получен пользователь с id = db80e66f-cd88-4a2f-a29b-92259ea3ee40.
2018-02-13 12:20:08.0967 | INFO | Пользователь с id = db80e66f-cd88-4a2f-a29b-92259ea3ee40 обновлен в базе данных. 
2018-02-13 12:20:08.1617 | INFO | Получен пользователь с id = db80e66f-cd88-4a2f-a29b-92259ea3ee40.
2018-02-13 12:20:18.4693 | INFO | Взяты все бронирования из базы данных.
2018-02-13 12:20:21.1185 | INFO | Взято бронирование №1 из базы данных.
2018-02-13 12:20:21.1465 | INFO | Получен пользователь с id = db80e66f-cd88-4a2f-a29b-92259ea3ee40.
2018-02-13 12:20:29.1609 | INFO | Бронирование №1 было обновлено в базе данных.
2018-02-13 12:20:29.1849 | INFO | Пользователь с id = db80e66f-cd88-4a2f-a29b-92259ea3ee40 обновлен в базе данных. 
2018-02-13 12:20:43.5747 | INFO | Получен пользователь с id = db80e66f-cd88-4a2f-a29b-92259ea3ee40.
2018-02-13 12:20:49.7941 | INFO | Взяты все сообщения из базы данных.
2018-02-13 12:20:50.5911 | INFO | Взяты все бронирования из базы данных.
2018-02-13 12:21:38.4479 | INFO | Взяты все бронирования из базы данных.
2018-02-13 12:21:58.3300 | INFO | Новый пользователь с id = ff77b02d-45f4-4282-899c-e555364ac6c8 и почтой user2@gmail.com добавлен в базу данных. 
2018-02-13 12:22:07.1265 | INFO | Пользователь user2@gmail.com авторизован в системе.
2018-02-13 12:22:11.9658 | INFO | Пользователь user2@gmail.com авторизован в системе.
2018-02-13 12:22:11.9898 | INFO | Взяты все бронирования из базы данных.
2018-02-13 12:23:05.0008 | INFO | Заявка №1 на бронирование номера оформлена и сохранена в базу данных.
2018-02-13 12:23:14.4724 | INFO | Получен пользователь с id = ff77b02d-45f4-4282-899c-e555364ac6c8.
2018-02-13 12:23:16.1535 | INFO | Взяты все заявки на бронирование из базы данных.
2018-02-13 12:23:28.0692 | INFO | Взяты все бронирования из базы данных.
2018-02-13 12:23:29.0722 | INFO | Взяты все сообщения из базы данных.
2018-02-13 12:23:30.6103 | INFO | Получен пользователь с id = ff77b02d-45f4-4282-899c-e555364ac6c8.
2018-02-13 12:23:32.6324 | INFO | Взяты все бронирования из базы данных.
2018-02-13 12:23:36.2596 | INFO | Пользователь manager@gmail.com  авторизован в системе.
2018-02-13 12:23:36.5376 | INFO | Взяты все бронирования из базы данных.
2018-02-13 12:23:42.9790 | INFO | Взяты все заявки на бронирование из базы данных.
2018-02-13 12:23:57.4638 | INFO | Взяты все бронирования из базы данных.
2018-02-13 12:24:23.3623 | INFO | Взяты все заявки на бронирование из базы данных.
2018-02-13 12:24:28.2466 | INFO | Взяты все комнаты из базы данных.
2018-02-13 12:24:38.3072 | INFO | Взята комната №6 из базы данных.
2018-02-13 12:24:38.3352 | INFO | Из базы данных была взята заявка на бронирование №1.
2018-02-13 12:24:38.3432 | INFO | Взята комната №6 из базы данных.
2018-02-13 12:24:38.3582 | INFO | Из базы данных была взята заявка на бронирование №1.
2018-02-13 12:24:50.0079 | INFO | Взяты все бронирования из базы данных.
2018-02-13 12:24:50.0408 | INFO | Взяты все бронирования из базы данных.
2018-02-13 12:24:50.1009 | INFO | На пользователя user2@gmail.com в базу данных было занесено новое бронирование №2.
2018-02-13 12:24:56.5232 | INFO | Взяты все бронирования из базы данных.
2018-02-13 12:25:07.4328 | INFO | Пользователь user2@gmail.com авторизован в системе.
2018-02-13 12:25:07.4568 | INFO | Взяты все бронирования из базы данных.
2018-02-13 12:25:09.6960 | INFO | Получен пользователь с id = ff77b02d-45f4-4282-899c-e555364ac6c8.
2018-02-13 12:25:12.6391 | INFO | Взяты все сообщения из базы данных.
2018-02-13 12:25:45.3930 | INFO | Взяты все бронирования из базы данных.
2018-02-13 12:26:13.8506 | INFO | Взято бронирование №2 из базы данных.
2018-02-13 12:26:13.9047 | INFO | Получен пользователь с id = ff77b02d-45f4-4282-899c-e555364ac6c8.
2018-02-13 12:26:17.8869 | INFO | Получен пользователь с id = ff77b02d-45f4-4282-899c-e555364ac6c8.
2018-02-13 12:26:18.8449 | INFO | Получен пользователь с id = ff77b02d-45f4-4282-899c-e555364ac6c8.
2018-02-13 12:26:24.7563 | INFO | Пользователь с id = ff77b02d-45f4-4282-899c-e555364ac6c8 обновлен в базе данных. 
2018-02-13 12:26:24.7783 | INFO | Получен пользователь с id = ff77b02d-45f4-4282-899c-e555364ac6c8.
2018-02-13 12:26:29.9336 | INFO | Взяты все бронирования из базы данных.
2018-02-13 12:26:31.6227 | INFO | Взято бронирование №2 из базы данных.
2018-02-13 12:26:31.6497 | INFO | Получен пользователь с id = ff77b02d-45f4-4282-899c-e555364ac6c8.
2018-02-13 12:26:34.3778 | INFO | Бронирование №2 было обновлено в базе данных.
2018-02-13 12:26:34.3968 | INFO | Пользователь с id = ff77b02d-45f4-4282-899c-e555364ac6c8 обновлен в базе данных. 
2018-02-13 12:26:35.6979 | INFO | Получен пользователь с id = ff77b02d-45f4-4282-899c-e555364ac6c8.
2018-02-13 12:26:36.7190 | INFO | Взяты все бронирования из базы данных.
2018-02-13 12:26:36.7800 | INFO | Взяты все бронирования из базы данных.
2018-02-13 12:26:41.3212 | INFO | Получен пользователь с id = ff77b02d-45f4-4282-899c-e555364ac6c8.
2018-02-13 12:27:20.8365 | INFO | Взяты все бронирования из базы данных.
2018-02-13 12:27:31.3981 | INFO | Пользователь user@gmail.com авторизован в системе.
2018-02-13 12:27:31.4221 | INFO | Взяты все бронирования из базы данных.
2018-02-13 12:27:33.8792 | INFO | Взяты все комнаты из базы данных.
2018-02-13 12:28:16.0766 | INFO | Взята комната №6 из базы данных.
2018-02-13 12:28:16.1316 | INFO | Взята комната №6 из базы данных.
2018-02-13 12:28:48.8565 | INFO | Взяты все бронирования из базы данных.
2018-02-13 12:29:01.9793 | INFO | Взяты все бронирования из базы данных.
2018-02-13 12:29:19.8003 | INFO | Взяты все бронирования из базы данных.
2018-02-13 12:29:48.1879 | INFO | Заявка №2 на бронирование номера оформлена и сохранена в базу данных.
2018-02-13 12:29:51.4631 | INFO | Взяты все бронирования из базы данных.
2018-02-13 12:29:54.2883 | INFO | Пользователь manager@gmail.com  авторизован в системе.
2018-02-13 12:29:54.3083 | INFO | Взяты все бронирования из базы данных.
2018-02-13 12:29:55.7273 | INFO | Взяты все заявки на бронирование из базы данных.
2018-02-13 12:29:59.7336 | INFO | Взяты все комнаты из базы данных.
2018-02-13 12:30:04.9339 | INFO | Взята комната №6 из базы данных.
2018-02-13 12:30:04.9519 | INFO | Из базы данных была взята заявка на бронирование №2.
2018-02-13 12:30:12.5783 | INFO | Взяты все бронирования из базы данных.
2018-02-13 12:30:31.2124 | INFO | На пользователя user@gmail.com в базу данных было занесеносообщение с отказом на бронирование.
2018-02-13 12:30:57.2629 | INFO | Взяты все бронирования из базы данных.
2018-02-13 12:31:06.3314 | INFO | Пользователь user@gmail.com авторизован в системе.
2018-02-13 12:31:06.3574 | INFO | Взяты все бронирования из базы данных.
2018-02-13 12:31:08.4255 | INFO | Получен пользователь с id = db80e66f-cd88-4a2f-a29b-92259ea3ee40.
2018-02-13 12:31:10.5996 | INFO | Взяты все бронирования из базы данных.
2018-02-13 12:31:11.9437 | INFO | Взяты все сообщения из базы данных.
2018-02-13 12:31:42.4955 | INFO | Взяты все отзывы из базы данных.
2018-02-13 12:32:40.1667 | INFO | Взяты все бронирования из базы данных.
2018-02-13 12:32:48.6530 | INFO | Пользователь admin  авторизован в системе.
2018-02-13 12:32:55.3614 | INFO | Пользователь admin@gmail.com авторизован в системе.
2018-02-13 12:32:55.3854 | INFO | Взяты все бронирования из базы данных.
2018-02-13 12:33:02.7388 | INFO | Взяты все бронирования из базы данных.
2018-02-13 12:33:32.6965 | INFO | Взято бронирование №1 из базы данных.
2018-02-13 12:33:32.7345 | INFO | Получен пользователь с id = db80e66f-cd88-4a2f-a29b-92259ea3ee40.
2018-02-13 12:34:27.8567 | INFO | Взято бронирование №1 из базы данных.
2018-02-13 12:34:27.8957 | INFO | В базу данных добавлено сообщение об отмене бронирования №1 на имя user@gmail.com.
2018-02-13 12:34:27.8957 | INFO | Взято бронирование №1 из базы данных.
2018-02-13 12:34:27.9167 | INFO | Бронирование №1 было удалено из базы данных.
2018-02-13 12:34:27.9227 | INFO | В базу данных добавлено сообщение об отмене бронирования №1 на имя user@gmail.com.
2018-02-13 12:34:27.9357 | INFO | Пользователь с id = db80e66f-cd88-4a2f-a29b-92259ea3ee40 обновлен в базе данных. 
2018-02-13 12:34:39.6624 | INFO | Взято бронирование №2 из базы данных.
2018-02-13 12:34:39.6924 | INFO | Получен пользователь с id = ff77b02d-45f4-4282-899c-e555364ac6c8.
2018-02-13 12:34:41.6205 | INFO | Взято бронирование №2 из базы данных.
2018-02-13 12:34:41.6375 | INFO | В базу данных добавлено сообщение об отмене бронирования №2 на имя user2@gmail.com.
2018-02-13 12:34:41.6455 | INFO | Бронирование №2 было удалено из базы данных.
2018-02-13 12:34:41.6625 | INFO | Пользователь с id = ff77b02d-45f4-4282-899c-e555364ac6c8 обновлен в базе данных. 
2018-02-13 12:34:41.7045 | INFO | Взяты все бронирования из базы данных.
2018-02-13 12:36:16.3459 | INFO | Взяты все комнаты из базы данных.
2018-02-13 12:36:18.4660 | INFO | Взята комната №1 из базы данных.
2018-02-13 12:36:20.0121 | INFO | Взяты все бронирования из базы данных.
2018-02-13 12:36:20.0411 | INFO | На пользователя admin@gmail.com в базу данных было занесено новое бронирование №3.
2018-02-13 12:36:23.4313 | INFO | Взяты все бронирования из базы данных.
2018-02-13 12:36:24.7304 | INFO | Взято бронирование №3 из базы данных.
2018-02-13 12:36:26.2145 | INFO | Взято бронирование №3 из базы данных.
2018-02-13 12:36:26.2325 | INFO | В базу данных добавлено сообщение об отмене бронирования №3 на имя admin@gmail.com.
2018-02-13 12:36:26.2395 | INFO | Бронирование №3 было удалено из базы данных.
2018-02-13 12:36:26.2595 | INFO | Взяты все бронирования из базы данных.
2018-02-13 12:36:30.6647 | INFO | Взяты все комнаты из базы данных.
2018-02-13 12:36:32.9038 | INFO | Взята комната №7 из базы данных.
2018-02-13 12:36:34.4349 | INFO | Взяты все бронирования из базы данных.
2018-02-13 12:36:34.4639 | INFO | На пользователя admin@gmail.com в базу данных было занесено новое бронирование №4.
2018-02-13 12:36:35.7790 | INFO | Получен пользователь с id = 11fa3434-53fd-4ed8-ae6b-82d3d32a3e06.
2018-02-13 12:36:38.2081 | INFO | Взяты все бронирования из базы данных.
2018-02-13 12:36:54.7841 | INFO | Взято бронирование №4 из базы данных.
2018-02-13 12:36:54.8131 | INFO | Получен пользователь с id = 11fa3434-53fd-4ed8-ae6b-82d3d32a3e06.
2018-02-13 12:36:57.5662 | INFO | Получен пользователь с id = 11fa3434-53fd-4ed8-ae6b-82d3d32a3e06.
2018-02-13 12:36:59.0843 | INFO | Получен пользователь с id = 11fa3434-53fd-4ed8-ae6b-82d3d32a3e06.
2018-02-13 12:37:03.0396 | INFO | Пользователь с id = 11fa3434-53fd-4ed8-ae6b-82d3d32a3e06 обновлен в базе данных. 
2018-02-13 12:37:03.0626 | INFO | Получен пользователь с id = 11fa3434-53fd-4ed8-ae6b-82d3d32a3e06.
2018-02-13 12:37:04.8547 | INFO | Взяты все бронирования из базы данных.
2018-02-13 12:37:09.9750 | INFO | Взято бронирование №4 из базы данных.
2018-02-13 12:37:10.0040 | INFO | Получен пользователь с id = 11fa3434-53fd-4ed8-ae6b-82d3d32a3e06.
2018-02-13 12:37:10.8330 | INFO | Бронирование №4 было обновлено в базе данных.
2018-02-13 12:37:10.8580 | INFO | Пользователь с id = 11fa3434-53fd-4ed8-ae6b-82d3d32a3e06 обновлен в базе данных. 
2018-02-13 12:37:13.8152 | INFO | Бронирование №4 было обновлено в базе данных.
2018-02-13 12:37:13.8522 | INFO | Пользователь с id = 11fa3434-53fd-4ed8-ae6b-82d3d32a3e06 обновлен в базе данных. 
2018-02-13 12:37:17.8544 | INFO | Взяты все бронирования из базы данных.
2018-02-13 12:37:19.3335 | INFO | Взято бронирование №4 из базы данных.
2018-02-13 12:37:19.3625 | INFO | Получен пользователь с id = 11fa3434-53fd-4ed8-ae6b-82d3d32a3e06.
2018-02-13 12:37:21.0486 | INFO | Взято бронирование №4 из базы данных.
2018-02-13 12:37:21.0656 | INFO | В базу данных добавлено сообщение об отмене бронирования №4 на имя admin@gmail.com.
2018-02-13 12:37:21.0656 | INFO | Бронирование №4 было удалено из базы данных.
2018-02-13 12:37:21.1016 | INFO | Пользователь с id = 11fa3434-53fd-4ed8-ae6b-82d3d32a3e06 обновлен в базе данных. 
2018-02-13 12:37:21.1236 | INFO | Взяты все бронирования из базы данных.
2018-02-13 12:37:25.5688 | INFO | Взяты все бронирования из базы данных.
2018-02-13 12:37:28.3820 | INFO | Взяты все отзывы из базы данных.
2018-02-13 12:37:41.3488 | INFO | Взяты все бронирования из базы данных.
2018-02-13 12:37:41.3828 | INFO | Взяты все бронирования из базы данных.
2018-02-13 12:38:22.7181 | INFO | Пользователь user@gmail.com авторизован в системе.
2018-02-13 12:38:22.7411 | INFO | Взяты все бронирования из базы данных.
2018-02-13 12:38:24.8192 | INFO | Получен пользователь с id = db80e66f-cd88-4a2f-a29b-92259ea3ee40.
2018-02-13 12:38:27.4084 | INFO | Взяты все бронирования из базы данных.
2018-02-13 12:38:28.7015 | INFO | Взяты все сообщения из базы данных.
2018-02-13 12:38:33.9808 | INFO | Взяты все заявки на бронирование из базы данных.
2018-02-13 12:38:35.4198 | INFO | Взяты все сообщения из базы данных.
2018-02-13 12:38:39.8041 | INFO | Получен пользователь с id = db80e66f-cd88-4a2f-a29b-92259ea3ee40.
2018-02-13 12:38:41.9852 | INFO | Взяты все бронирования из базы данных.
2018-02-13 12:39:01.5883 | INFO | Пользователь user2@gmail.com  авторизован в системе.
2018-02-13 12:39:01.6113 | INFO | Взяты все бронирования из базы данных.
2018-02-13 12:39:03.1904 | INFO | Получен пользователь с id = ff77b02d-45f4-4282-899c-e555364ac6c8.
2018-02-13 12:39:03.2884 | INFO | Получен пользователь с id = ff77b02d-45f4-4282-899c-e555364ac6c8.
2018-02-13 12:39:05.5786 | INFO | Взяты все бронирования из базы данных.
2018-02-13 12:39:06.8736 | INFO | Взяты все сообщения из базы данных.
2018-02-13 12:40:24.5841 | INFO | Взяты все отзывы из базы данных.
2018-02-13 12:41:20.4733 | INFO | Отзыв №0 помещен в базу данных.
2018-02-13 12:41:20.4943 | INFO | Взяты все отзывы из базы данных.
2018-02-13 12:41:34.4621 | INFO | Отзыв №5 удален из базы данных.
2018-02-13 12:41:34.4831 | INFO | Взяты все отзывы из базы данных.
2018-02-13 12:41:49.2929 | INFO | Взяты все бронирования из базы данных.
2018-02-13 12:41:55.9183 | INFO | Пользователь admin@gmail.com авторизован в системе.
2018-02-13 12:41:55.9433 | INFO | Взяты все бронирования из базы данных.
2018-02-13 12:41:57.6574 | INFO | Взяты все отзывы из базы данных.
2018-02-13 12:42:06.9399 | INFO | Отзыв №3 удален из базы данных.
2018-02-13 12:42:06.9609 | INFO | Взяты все отзывы из базы данных.
2018-02-13 12:42:14.0264 | INFO | Взяты все бронирования из базы данных.
2018-02-13 12:42:19.9317 | INFO | Пользователь user@gmail.com авторизован в системе.
2018-02-13 12:42:25.5880 | INFO | Пользователь user@gmail.com авторизован в системе.
2018-02-13 12:42:25.6130 | INFO | Взяты все бронирования из базы данных.
2018-02-13 12:42:27.7241 | INFO | Взяты все комнаты из базы данных.
2018-02-13 12:42:42.2190 | INFO | Взяты все комнаты из базы данных.
2018-02-13 12:43:26.9335 | INFO | Взяты все бронирования из базы данных.
2018-02-13 12:44:33.2223 | INFO | Получен пользователь с id = db80e66f-cd88-4a2f-a29b-92259ea3ee40.
2018-02-13 12:44:35.4374 | INFO | Взяты все сообщения из базы данных.
2018-02-13 12:44:39.8047 | INFO | Взяты все бронирования из базы данных.
2018-02-13 12:44:41.2498 | INFO | Взяты все заявки на бронирование из базы данных.
2018-02-13 12:44:44.3000 | INFO | Получен пользователь с id = db80e66f-cd88-4a2f-a29b-92259ea3ee40.
2018-02-13 12:44:45.4880 | INFO | Взяты все бронирования из базы данных.
2018-02-13 13:01:19.4859 | INFO | Взяты все бронирования из базы данных.
2018-02-13 13:01:56.3180 | INFO | Получен пользователь с id = db80e66f-cd88-4a2f-a29b-92259ea3ee40.
2018-02-13 13:01:56.7721 | INFO | Взяты все бронирования из базы данных.
2018-02-13 13:02:34.7652 | INFO | Новый пользователь с id = cf3dd00e-547e-4e6b-9a54-070ffb2f7f14 и почтой admin@gmail.com добавлен в базу данных. 
2018-02-13 13:02:35.0593 | INFO | Новый пользователь с id = eea4c360-9cfd-4c61-8e05-46d135579beb и почтой manager@gmail.com добавлен в базу данных. 
2018-02-13 13:02:35.3023 | INFO | Новый пользователь с id = 4b981d10-e153-4675-88ed-b8ce0b94b7b6 и почтой user@gmail.com добавлен в базу данных. 
2018-02-13 13:02:44.4598 | INFO | Пользователь user@gmail.com авторизован в системе.
2018-02-13 13:02:44.6548 | INFO | Взяты все бронирования из базы данных.
2018-02-13 13:02:46.5839 | INFO | Взяты все комнаты из базы данных.
2018-02-13 13:02:50.1101 | INFO | Взята комната №5 из базы данных.
2018-02-13 13:02:50.1241 | INFO | Взята комната №5 из базы данных.
2018-02-13 13:02:52.5853 | INFO | Взяты все бронирования из базы данных.
2018-02-13 13:02:52.8543 | INFO | На пользователя user@gmail.com в базу данных было занесено новое бронирование №1.
2018-02-13 13:02:58.3096 | INFO | Заявка №1 на бронирование номера оформлена и сохранена в базу данных.
2018-02-13 13:03:00.1777 | INFO | Взяты все бронирования из базы данных.
2018-02-13 13:03:03.6089 | INFO | Пользователь manager@gmail.com  авторизован в системе.
2018-02-13 13:03:03.8289 | INFO | Взяты все бронирования из базы данных.
2018-02-13 13:03:05.0160 | INFO | Взяты все заявки на бронирование из базы данных.
2018-02-13 13:03:07.3261 | INFO | Взяты все бронирования из базы данных.
2018-02-13 13:03:08.6192 | INFO | Взяты все заявки на бронирование из базы данных.
2018-02-13 13:03:09.7142 | INFO | Взяты все комнаты из базы данных.
2018-02-13 13:03:12.0074 | INFO | Взята комната №8 из базы данных.
2018-02-13 13:03:12.0154 | INFO | Взята комната №8 из базы данных.
2018-02-13 13:03:12.0884 | INFO | Из базы данных была взята заявка на бронирование №1.
2018-02-13 13:03:13.8115 | INFO | Взяты все бронирования из базы данных.
2018-02-13 13:03:14.1415 | INFO | На пользователя user@gmail.com в базу данных было занесено новое бронирование №2.
2018-02-13 13:03:16.1296 | INFO | Взяты все бронирования из базы данных.
2018-02-13 13:03:26.8922 | INFO | Пользователь user@gmail.com авторизован в системе.
2018-02-13 13:03:26.9672 | INFO | Взяты все бронирования из базы данных.
2018-02-13 13:03:28.7783 | INFO | Получен пользователь с id = 4b981d10-e153-4675-88ed-b8ce0b94b7b6.
2018-02-13 13:03:29.6854 | INFO | Взяты все бронирования из базы данных.
2018-02-13 13:03:32.2155 | INFO | Получен пользователь с id = 4b981d10-e153-4675-88ed-b8ce0b94b7b6.
2018-02-13 13:03:33.2806 | INFO | Получен пользователь с id = 4b981d10-e153-4675-88ed-b8ce0b94b7b6.
2018-02-13 13:03:37.8088 | INFO | Пользователь с id = 4b981d10-e153-4675-88ed-b8ce0b94b7b6 обновлен в базе данных. 
2018-02-13 13:03:37.8709 | INFO | Получен пользователь с id = 4b981d10-e153-4675-88ed-b8ce0b94b7b6.
2018-02-13 13:03:39.3859 | INFO | Взяты все бронирования из базы данных.
2018-02-13 13:03:41.1860 | INFO | Взято бронирование №1 из базы данных.
2018-02-13 13:03:41.2260 | INFO | Получен пользователь с id = 4b981d10-e153-4675-88ed-b8ce0b94b7b6.
2018-02-13 13:03:43.0972 | INFO | Бронирование №1 было обновлено в базе данных.
2018-02-13 13:03:43.1372 | INFO | Пользователь с id = 4b981d10-e153-4675-88ed-b8ce0b94b7b6 обновлен в базе данных. 
2018-02-13 13:03:44.6092 | INFO | Получен пользователь с id = 4b981d10-e153-4675-88ed-b8ce0b94b7b6.
2018-02-13 13:03:46.0073 | INFO | Взяты все бронирования из базы данных.
2018-02-13 13:03:49.4325 | INFO | Взято бронирование №2 из базы данных.
2018-02-13 13:03:49.4865 | INFO | Получен пользователь с id = 4b981d10-e153-4675-88ed-b8ce0b94b7b6.
2018-02-13 13:03:50.9446 | INFO | Бронирование №2 было обновлено в базе данных.
2018-02-13 13:03:50.9696 | INFO | Пользователь с id = 4b981d10-e153-4675-88ed-b8ce0b94b7b6 обновлен в базе данных. 
2018-02-13 13:03:53.3587 | INFO | Получен пользователь с id = 4b981d10-e153-4675-88ed-b8ce0b94b7b6.
2018-02-13 13:03:58.9781 | INFO | Взяты все бронирования из базы данных.
2018-02-13 13:04:04.3414 | INFO | Пользователь admin@gmail.com авторизован в системе.
2018-02-13 13:04:04.5474 | INFO | Взяты все бронирования из базы данных.
2018-02-13 13:04:10.4557 | INFO | Взяты все бронирования из базы данных.
2018-02-13 13:04:13.1039 | INFO | Взято бронирование №1 из базы данных.
2018-02-13 13:04:13.2949 | INFO | Получен пользователь с id = 4b981d10-e153-4675-88ed-b8ce0b94b7b6.
2018-02-13 13:04:15.4080 | INFO | Взято бронирование №1 из базы данных.
2018-02-13 13:04:15.4310 | INFO | В базу данных добавлено сообщение об отмене бронирования №1 на имя user@gmail.com.
2018-02-13 13:04:15.4630 | INFO | Бронирование №1 было удалено из базы данных.
2018-02-13 13:04:15.5960 | INFO | Пользователь с id = 4b981d10-e153-4675-88ed-b8ce0b94b7b6 обновлен в базе данных. 
2018-02-13 13:04:15.9520 | INFO | Взяты все бронирования из базы данных.
2018-02-13 13:04:17.8271 | INFO | Взято бронирование №2 из базы данных.
2018-02-13 13:04:18.0862 | INFO | Получен пользователь с id = 4b981d10-e153-4675-88ed-b8ce0b94b7b6.
2018-02-13 13:04:19.8883 | INFO | Взято бронирование №2 из базы данных.
2018-02-13 13:04:19.9093 | INFO | В базу данных добавлено сообщение об отмене бронирования №2 на имя user@gmail.com.
2018-02-13 13:04:19.9203 | INFO | Бронирование №2 было удалено из базы данных.
2018-02-13 13:04:20.0943 | INFO | Пользователь с id = 4b981d10-e153-4675-88ed-b8ce0b94b7b6 обновлен в базе данных. 
2018-02-13 13:04:20.2513 | INFO | Взяты все бронирования из базы данных.
2018-02-13 13:04:22.3074 | INFO | Получен пользователь с id = cf3dd00e-547e-4e6b-9a54-070ffb2f7f14.
2018-02-13 13:04:24.1115 | INFO | Взяты все бронирования из базы данных.
2018-02-13 13:04:33.3730 | INFO | Пользователь user@gmail.com авторизован в системе.
2018-02-13 13:04:33.4320 | INFO | Взяты все бронирования из базы данных.
2018-02-13 13:04:34.6321 | INFO | Получен пользователь с id = 4b981d10-e153-4675-88ed-b8ce0b94b7b6.
2018-02-13 13:04:35.9312 | INFO | Взяты все сообщения из базы данных.
2018-02-13 13:04:45.8087 | INFO | Взяты все заявки на бронирование из базы данных.
2018-02-13 13:04:47.7539 | INFO | Взяты все бронирования из базы данных.
